
===========================================================================
report_checks -path_delay min (Hold)
============================================================================
Startpoint: gpio_loopback_zero[0] (input port clocked by clk)
Endpoint: gpio_analog_en[0] (output port clocked by clk)
Path Group: clk
Path Type: min

Fanout     Cap    Slew   Delay    Time   Description
-----------------------------------------------------------------------------
                  0.00    0.00    0.00   clock clk (rise edge)
                          0.00    0.00   clock network delay (ideal)
                          0.00    0.00 v input external delay
                  1.00    0.00    0.00 v gpio_loopback_zero[0] (in)
     4    0.01                           gpio_loopback_zero[0] (net)
                  1.00    0.00    0.00 v _157_/A (sky130_fd_sc_hd__buf_2)
                  1.08    1.06    1.06 v _157_/X (sky130_fd_sc_hd__buf_2)
     1    0.50                           gpio_analog_en[0] (net)
                  1.08    0.00    1.06 v gpio_analog_en[0] (out)
                                  1.06   data arrival time

                  0.00    0.00    0.00   clock clk (rise edge)
                          0.00    0.00   clock network delay (ideal)
                          0.80    0.80   clock uncertainty
                          0.00    0.80   clock reconvergence pessimism
                        -22.00  -21.20   output external delay
                                -21.20   data required time
-----------------------------------------------------------------------------
                                -21.20   data required time
                                 -1.06   data arrival time
-----------------------------------------------------------------------------
                                 22.26   slack (MET)


Startpoint: gpio_loopback_zero[10] (input port clocked by clk)
Endpoint: gpio_analog_en[10] (output port clocked by clk)
Path Group: clk
Path Type: min

Fanout     Cap    Slew   Delay    Time   Description
-----------------------------------------------------------------------------
                  0.00    0.00    0.00   clock clk (rise edge)
                          0.00    0.00   clock network delay (ideal)
                          0.00    0.00 v input external delay
                  1.00    0.00    0.00 v gpio_loopback_zero[10] (in)
     4    0.01                           gpio_loopback_zero[10] (net)
                  1.00    0.00    0.00 v _167_/A (sky130_fd_sc_hd__buf_2)
                  1.08    1.06    1.06 v _167_/X (sky130_fd_sc_hd__buf_2)
     1    0.50                           gpio_analog_en[10] (net)
                  1.08    0.00    1.06 v gpio_analog_en[10] (out)
                                  1.06   data arrival time

                  0.00    0.00    0.00   clock clk (rise edge)
                          0.00    0.00   clock network delay (ideal)
                          0.80    0.80   clock uncertainty
                          0.00    0.80   clock reconvergence pessimism
                        -22.00  -21.20   output external delay
                                -21.20   data required time
-----------------------------------------------------------------------------
                                -21.20   data required time
                                 -1.06   data arrival time
-----------------------------------------------------------------------------
                                 22.26   slack (MET)


Startpoint: gpio_loopback_zero[11] (input port clocked by clk)
Endpoint: gpio_analog_en[11] (output port clocked by clk)
Path Group: clk
Path Type: min

Fanout     Cap    Slew   Delay    Time   Description
-----------------------------------------------------------------------------
                  0.00    0.00    0.00   clock clk (rise edge)
                          0.00    0.00   clock network delay (ideal)
                          0.00    0.00 v input external delay
                  1.00    0.00    0.00 v gpio_loopback_zero[11] (in)
     4    0.01                           gpio_loopback_zero[11] (net)
                  1.00    0.00    0.00 v _168_/A (sky130_fd_sc_hd__buf_2)
                  1.08    1.06    1.06 v _168_/X (sky130_fd_sc_hd__buf_2)
     1    0.50                           gpio_analog_en[11] (net)
                  1.08    0.00    1.06 v gpio_analog_en[11] (out)
                                  1.06   data arrival time

                  0.00    0.00    0.00   clock clk (rise edge)
                          0.00    0.00   clock network delay (ideal)
                          0.80    0.80   clock uncertainty
                          0.00    0.80   clock reconvergence pessimism
                        -22.00  -21.20   output external delay
                                -21.20   data required time
-----------------------------------------------------------------------------
                                -21.20   data required time
                                 -1.06   data arrival time
-----------------------------------------------------------------------------
                                 22.26   slack (MET)


Startpoint: gpio_loopback_zero[12] (input port clocked by clk)
Endpoint: gpio_analog_en[12] (output port clocked by clk)
Path Group: clk
Path Type: min

Fanout     Cap    Slew   Delay    Time   Description
-----------------------------------------------------------------------------
                  0.00    0.00    0.00   clock clk (rise edge)
                          0.00    0.00   clock network delay (ideal)
                          0.00    0.00 v input external delay
                  1.00    0.00    0.00 v gpio_loopback_zero[12] (in)
     4    0.01                           gpio_loopback_zero[12] (net)
                  1.00    0.00    0.00 v _169_/A (sky130_fd_sc_hd__buf_2)
                  1.08    1.06    1.06 v _169_/X (sky130_fd_sc_hd__buf_2)
     1    0.50                           gpio_analog_en[12] (net)
                  1.08    0.00    1.06 v gpio_analog_en[12] (out)
                                  1.06   data arrival time

                  0.00    0.00    0.00   clock clk (rise edge)
                          0.00    0.00   clock network delay (ideal)
                          0.80    0.80   clock uncertainty
                          0.00    0.80   clock reconvergence pessimism
                        -22.00  -21.20   output external delay
                                -21.20   data required time
-----------------------------------------------------------------------------
                                -21.20   data required time
                                 -1.06   data arrival time
-----------------------------------------------------------------------------
                                 22.26   slack (MET)


Startpoint: gpio_loopback_zero[13] (input port clocked by clk)
Endpoint: gpio_analog_en[13] (output port clocked by clk)
Path Group: clk
Path Type: min

Fanout     Cap    Slew   Delay    Time   Description
-----------------------------------------------------------------------------
                  0.00    0.00    0.00   clock clk (rise edge)
                          0.00    0.00   clock network delay (ideal)
                          0.00    0.00 v input external delay
                  1.00    0.00    0.00 v gpio_loopback_zero[13] (in)
     4    0.01                           gpio_loopback_zero[13] (net)
                  1.00    0.00    0.00 v _170_/A (sky130_fd_sc_hd__buf_2)
                  1.08    1.06    1.06 v _170_/X (sky130_fd_sc_hd__buf_2)
     1    0.50                           gpio_analog_en[13] (net)
                  1.08    0.00    1.06 v gpio_analog_en[13] (out)
                                  1.06   data arrival time

                  0.00    0.00    0.00   clock clk (rise edge)
                          0.00    0.00   clock network delay (ideal)
                          0.80    0.80   clock uncertainty
                          0.00    0.80   clock reconvergence pessimism
                        -22.00  -21.20   output external delay
                                -21.20   data required time
-----------------------------------------------------------------------------
                                -21.20   data required time
                                 -1.06   data arrival time
-----------------------------------------------------------------------------
                                 22.26   slack (MET)


