
===========================================================================
report_checks -unconstrained
============================================================================
Startpoint: gpio_loopback_zero[0] (input port clocked by clk)
Endpoint: gpio_analog_en[0] (output port clocked by clk)
Path Group: clk
Path Type: max

Fanout     Cap    Slew   Delay    Time   Description
-----------------------------------------------------------------------------
                  0.00    0.00    0.00   clock clk (rise edge)
                          0.00    0.00   clock network delay (ideal)
                          0.00    0.00 ^ input external delay
                  1.19    0.00    0.00 ^ gpio_loopback_zero[0] (in)
     4    0.01                           gpio_loopback_zero[0] (net)
                  1.19    0.00    0.00 ^ _157_/A (sky130_fd_sc_hd__buf_2)
                  4.73    4.06    4.06 ^ _157_/X (sky130_fd_sc_hd__buf_2)
     1    1.00                           gpio_analog_en[0] (net)
                  4.73    0.00    4.06 ^ gpio_analog_en[0] (out)
                                  4.06   data arrival time

                  0.00   25.00   25.00   clock clk (rise edge)
                          0.00   25.00   clock network delay (ideal)
                         -0.80   24.20   clock uncertainty
                          0.00   24.20   clock reconvergence pessimism
                        -22.00    2.20   output external delay
                                  2.20   data required time
-----------------------------------------------------------------------------
                                  2.20   data required time
                                 -4.06   data arrival time
-----------------------------------------------------------------------------
                                 -1.86   slack (VIOLATED)



===========================================================================
report_checks --slack_max -0.01
============================================================================
Startpoint: gpio_loopback_zero[0] (input port clocked by clk)
Endpoint: gpio_analog_en[0] (output port clocked by clk)
Path Group: clk
Path Type: max

Fanout     Cap    Slew   Delay    Time   Description
-----------------------------------------------------------------------------
                  0.00    0.00    0.00   clock clk (rise edge)
                          0.00    0.00   clock network delay (ideal)
                          0.00    0.00 ^ input external delay
                  1.19    0.00    0.00 ^ gpio_loopback_zero[0] (in)
     4    0.01                           gpio_loopback_zero[0] (net)
                  1.19    0.00    0.00 ^ _157_/A (sky130_fd_sc_hd__buf_2)
                  4.73    4.06    4.06 ^ _157_/X (sky130_fd_sc_hd__buf_2)
     1    1.00                           gpio_analog_en[0] (net)
                  4.73    0.00    4.06 ^ gpio_analog_en[0] (out)
                                  4.06   data arrival time

                  0.00   25.00   25.00   clock clk (rise edge)
                          0.00   25.00   clock network delay (ideal)
                         -0.80   24.20   clock uncertainty
                          0.00   24.20   clock reconvergence pessimism
                        -22.00    2.20   output external delay
                                  2.20   data required time
-----------------------------------------------------------------------------
                                  2.20   data required time
                                 -4.06   data arrival time
-----------------------------------------------------------------------------
                                 -1.86   slack (VIOLATED)


