[INFO]: Run Directory: /home/dinesha/workarea/efabless/MPW-10/caravel_openframe_project/openlane/openframe_project_wrapper/runs/23_10_14_22_24
[INFO]: Storing configs into config.tcl ...
[INFO]: Preparing LEF files for the nom corner...
[INFO]: Extracting the number of available metal layers from /pdk/sky130A/libs.ref/sky130_fd_sc_hd/techlef/sky130_fd_sc_hd__nom.tlef...
[INFO]: The available metal layers (6) are li1 met1 met2 met3 met4 met5.
[INFO]: Merging LEF Files...
[INFO]: Created merged LEF without pads at 'openframe_project_wrapper/runs/23_10_14_22_24/tmp/merged.nom.lef'...
[INFO]: Added extra lefs to 'openframe_project_wrapper/runs/23_10_14_22_24/tmp/merged.nom.lef'...
[INFO]: Preparing LEF files for the min corner...
[INFO]: Created merged LEF without pads at 'openframe_project_wrapper/runs/23_10_14_22_24/tmp/merged.min.lef'...
[INFO]: Added extra lefs to 'openframe_project_wrapper/runs/23_10_14_22_24/tmp/merged.min.lef'...
[INFO]: Preparing LEF files for the max corner...
[INFO]: Created merged LEF without pads at 'openframe_project_wrapper/runs/23_10_14_22_24/tmp/merged.max.lef'...
[INFO]: Added extra lefs to 'openframe_project_wrapper/runs/23_10_14_22_24/tmp/merged.max.lef'...
[INFO]: Merging liberty files {{*}/pdk/sky130A/libs.ref/sky130_fd_sc_hd/lib/sky130_fd_sc_hd__tt_025C_1v80.lib} into {/home/dinesha/workarea/efabless/MPW-10/caravel_openframe_project/openlane/openframe_project_wrapper/runs/23_10_14_22_24/tmp/synthesis/merged.lib}...
[INFO]: Trimming liberty files {/home/dinesha/workarea/efabless/MPW-10/caravel_openframe_project/openlane/openframe_project_wrapper/runs/23_10_14_22_24/tmp/synthesis/merged.lib} into /home/dinesha/workarea/efabless/MPW-10/caravel_openframe_project/openlane/openframe_project_wrapper/runs/23_10_14_22_24/tmp/synthesis/trimmed.lib...
[INFO]: Generating cell exclude list...
[INFO]: Creating ::env(DONT_USE_CELLS)...
[INFO]: Created ::env(DONT_USE_CELLS): {sky130_fd_sc_hd__a2111oi_0 sky130_fd_sc_hd__a21boi_0 sky130_fd_sc_hd__and2_0 sky130_fd_sc_hd__buf_16 sky130_fd_sc_hd__clkdlybuf4s15_1 sky130_fd_sc_hd__clkdlybuf4s18_1 sky130_fd_sc_hd__fa_4 sky130_fd_sc_hd__lpflow_bleeder_1 sky130_fd_sc_hd__lpflow_clkbufkapwr_1 sky130_fd_sc_hd__lpflow_clkbufkapwr_16 sky130_fd_sc_hd__lpflow_clkbufkapwr_2 sky130_fd_sc_hd__lpflow_clkbufkapwr_4 sky130_fd_sc_hd__lpflow_clkbufkapwr_8 sky130_fd_sc_hd__lpflow_clkinvkapwr_1 sky130_fd_sc_hd__lpflow_clkinvkapwr_16 sky130_fd_sc_hd__lpflow_clkinvkapwr_2 sky130_fd_sc_hd__lpflow_clkinvkapwr_4 sky130_fd_sc_hd__lpflow_clkinvkapwr_8 sky130_fd_sc_hd__lpflow_decapkapwr_12 sky130_fd_sc_hd__lpflow_decapkapwr_3 sky130_fd_sc_hd__lpflow_decapkapwr_4 sky130_fd_sc_hd__lpflow_decapkapwr_6 sky130_fd_sc_hd__lpflow_decapkapwr_8 sky130_fd_sc_hd__lpflow_inputiso0n_1 sky130_fd_sc_hd__lpflow_inputiso0p_1 sky130_fd_sc_hd__lpflow_inputiso1n_1 sky130_fd_sc_hd__lpflow_inputiso1p_1 sky130_fd_sc_hd__lpflow_inputisolatch_1 sky130_fd_sc_hd__lpflow_isobufsrc_1 sky130_fd_sc_hd__lpflow_isobufsrc_16 sky130_fd_sc_hd__lpflow_isobufsrc_2 sky130_fd_sc_hd__lpflow_isobufsrc_4 sky130_fd_sc_hd__lpflow_isobufsrc_8 sky130_fd_sc_hd__lpflow_isobufsrckapwr_16 sky130_fd_sc_hd__lpflow_lsbuf_lh_hl_isowell_tap_1 sky130_fd_sc_hd__lpflow_lsbuf_lh_hl_isowell_tap_2 sky130_fd_sc_hd__lpflow_lsbuf_lh_hl_isowell_tap_4 sky130_fd_sc_hd__lpflow_lsbuf_lh_isowell_4 sky130_fd_sc_hd__lpflow_lsbuf_lh_isowell_tap_1 sky130_fd_sc_hd__lpflow_lsbuf_lh_isowell_tap_2 sky130_fd_sc_hd__lpflow_lsbuf_lh_isowell_tap_4 sky130_fd_sc_hd__mux4_4 sky130_fd_sc_hd__o21ai_0 sky130_fd_sc_hd__o311ai_0 sky130_fd_sc_hd__or2_0 sky130_fd_sc_hd__probe_p_8 sky130_fd_sc_hd__probec_p_8 sky130_fd_sc_hd__xor3_1 sky130_fd_sc_hd__xor3_2 sky130_fd_sc_hd__xor3_4 sky130_fd_sc_hd__xnor3_1 sky130_fd_sc_hd__xnor3_2 sky130_fd_sc_hd__xnor3_4  sky130_fd_sc_hd__clkbuf_1 sky130_fd_sc_hd__clkbuf_16 sky130_fd_sc_hd__clkbuf_2 sky130_fd_sc_hd__clkbuf_4 sky130_fd_sc_hd__clkbuf_8 sky130_fd_sc_hd__clkdlybuf4s15_1 sky130_fd_sc_hd__clkdlybuf4s15_2 sky130_fd_sc_hd__clkdlybuf4s18_1 sky130_fd_sc_hd__clkdlybuf4s18_2 sky130_fd_sc_hd__clkdlybuf4s25_1 sky130_fd_sc_hd__clkdlybuf4s25_2 sky130_fd_sc_hd__clkdlybuf4s50_1 sky130_fd_sc_hd__clkdlybuf4s50_2 sky130_fd_sc_hd__clkinv_1 sky130_fd_sc_hd__clkinv_16 sky130_fd_sc_hd__clkinv_2 sky130_fd_sc_hd__clkinv_4 sky130_fd_sc_hd__clkinv_8 sky130_fd_sc_hd__clkinvlp_2 sky130_fd_sc_hd__clkinvlp_4 sky130_fd_sc_hd__decap_12 sky130_fd_sc_hd__decap_3 sky130_fd_sc_hd__decap_4 sky130_fd_sc_hd__decap_6 sky130_fd_sc_hd__decap_8 sky130_fd_sc_hd__diode_2 sky130_fd_sc_hd__dlclkp_1 sky130_fd_sc_hd__dlclkp_2 sky130_fd_sc_hd__dlclkp_4 sky130_fd_sc_hd__dlrbn_1 sky130_fd_sc_hd__dlrbn_2 sky130_fd_sc_hd__dlrbp_1 sky130_fd_sc_hd__dlrbp_2 sky130_fd_sc_hd__dlrtn_1 sky130_fd_sc_hd__dlrtn_2 sky130_fd_sc_hd__dlrtn_4 sky130_fd_sc_hd__dlrtp_1 sky130_fd_sc_hd__dlrtp_2 sky130_fd_sc_hd__dlrtp_4 sky130_fd_sc_hd__dlxbn_1 sky130_fd_sc_hd__dlxbn_2 sky130_fd_sc_hd__dlxbp_1 sky130_fd_sc_hd__dlygate4sd1_1 sky130_fd_sc_hd__dlygate4sd2_1 sky130_fd_sc_hd__dlygate4sd3_1 sky130_fd_sc_hd__dlymetal6s2s_1 sky130_fd_sc_hd__dlymetal6s4s_1 sky130_fd_sc_hd__dlymetal6s6s_1 sky130_fd_sc_hd__edfxbp_1 sky130_fd_sc_hd__edfxtp_1 sky130_fd_sc_hd__einvn_0 sky130_fd_sc_hd__einvn_1 sky130_fd_sc_hd__einvn_2 sky130_fd_sc_hd__einvn_4 sky130_fd_sc_hd__einvn_8 sky130_fd_sc_hd__einvp_1 sky130_fd_sc_hd__einvp_2 sky130_fd_sc_hd__einvp_4 sky130_fd_sc_hd__einvp_8 sky130_fd_sc_hd__fah_1 sky130_fd_sc_hd__fahcin_1 sky130_fd_sc_hd__fahcon_1 sky130_fd_sc_hd__ha_1 sky130_fd_sc_hd__ha_2 sky130_fd_sc_hd__ha_4 sky130_fd_sc_hd__macro_sparecell sky130_fd_sc_hd__maj3_1 sky130_fd_sc_hd__maj3_2 sky130_fd_sc_hd__maj3_4 sky130_fd_sc_hd__mux2i_1 sky130_fd_sc_hd__mux2i_2 sky130_fd_sc_hd__mux2i_4 sky130_fd_sc_hd__sdfbbn_1 sky130_fd_sc_hd__sdfbbn_2 sky130_fd_sc_hd__sdfbbp_1 sky130_fd_sc_hd__sdfrbp_1 sky130_fd_sc_hd__sdfrbp_2 sky130_fd_sc_hd__sdfrtn_1 sky130_fd_sc_hd__sdfrtp_1 sky130_fd_sc_hd__sdfrtp_2 sky130_fd_sc_hd__sdfrtp_4 sky130_fd_sc_hd__sdfsbp_1 sky130_fd_sc_hd__sdfsbp_2 sky130_fd_sc_hd__sdfstp_1 sky130_fd_sc_hd__sdfstp_2 sky130_fd_sc_hd__sdfstp_4 sky130_fd_sc_hd__sdfxbp_1 sky130_fd_sc_hd__sdfxbp_2 sky130_fd_sc_hd__sdfxtp_1 sky130_fd_sc_hd__sdfxtp_2 sky130_fd_sc_hd__sdfxtp_4 sky130_fd_sc_hd__sdlclkp_1 sky130_fd_sc_hd__sdlclkp_2 sky130_fd_sc_hd__sdlclkp_4 sky130_fd_sc_hd__sedfxbp_1 sky130_fd_sc_hd__sedfxbp_2 sky130_fd_sc_hd__sedfxtp_1 sky130_fd_sc_hd__sedfxtp_2 sky130_fd_sc_hd__sedfxtp_4 sky130_fd_sc_hd__a2111oi_1 sky130_fd_sc_hd__a211o_1 sky130_fd_sc_hd__a211oi_1 sky130_fd_sc_hd__a2111o_1 sky130_fd_sc_hd__a21bo_1 sky130_fd_sc_hd__a21boi_1 sky130_fd_sc_hd__a21o_1 sky130_fd_sc_hd__a21oi_1 sky130_fd_sc_hd__a221o_1 sky130_fd_sc_hd__a221oi_1 sky130_fd_sc_hd__a222oi_1 sky130_fd_sc_hd__a22o_1 sky130_fd_sc_hd__a22oi_1 sky130_fd_sc_hd__a2bb2o_1 sky130_fd_sc_hd__a2bb2oi_1 sky130_fd_sc_hd__a311o_1 sky130_fd_sc_hd__a311oi_1 sky130_fd_sc_hd__a2111o_1 sky130_fd_sc_hd__a21bo_1 sky130_fd_sc_hd__a21boi_1 sky130_fd_sc_hd__a21o_1 sky130_fd_sc_hd__a21oi_1 sky130_fd_sc_hd__a221o_1 sky130_fd_sc_hd__a221oi_1 sky130_fd_sc_hd__a222oi_1 sky130_fd_sc_hd__a22o_1 sky130_fd_sc_hd__a22oi_1 sky130_fd_sc_hd__a2bb2o_1 sky130_fd_sc_hd__a2bb2oi_1 sky130_fd_sc_hd__a311o_1 sky130_fd_sc_hd__a311oi_1 sky130_fd_sc_hd__a31o_1 sky130_fd_sc_hd__a31oi_1 sky130_fd_sc_hd__a32o_1 sky130_fd_sc_hd__a32oi_1 sky130_fd_sc_hd__a41o_1 sky130_fd_sc_hd__a41oi_1 sky130_fd_sc_hd__and2_1 sky130_fd_sc_hd__and2b_1 sky130_fd_sc_hd__and3_1 sky130_fd_sc_hd__and3b_1 sky130_fd_sc_hd__and4_1 sky130_fd_sc_hd__and4b_1 sky130_fd_sc_hd__and4bb_1 sky130_fd_sc_hd__dfbbn_1 sky130_fd_sc_hd__dfbbp_1 sky130_fd_sc_hd__dfrbp_1 sky130_fd_sc_hd__dfrtn_1 sky130_fd_sc_hd__dfrtp_1 sky130_fd_sc_hd__dfsbp_1 sky130_fd_sc_hd__dfstp_1 sky130_fd_sc_hd__dfxbp_1 sky130_fd_sc_hd__dfxtp_1 sky130_fd_sc_hd__ebufn_1 sky130_fd_sc_hd__inv_1 sky130_fd_sc_hd__nand2_1 sky130_fd_sc_hd__nand2b_1 sky130_fd_sc_hd__nand3_1 sky130_fd_sc_hd__nand3b_1 sky130_fd_sc_hd__nand4_1 sky130_fd_sc_hd__nand4b_1 sky130_fd_sc_hd__nand4bb_1 sky130_fd_sc_hd__nor2_1 sky130_fd_sc_hd__nor2b_1 sky130_fd_sc_hd__nor3_1 sky130_fd_sc_hd__nor3b_1 sky130_fd_sc_hd__nor4_1 sky130_fd_sc_hd__nor4b_1 sky130_fd_sc_hd__nor4bb_1 sky130_fd_sc_hd__o2111a_1 sky130_fd_sc_hd__o2111ai_1 sky130_fd_sc_hd__o211a_1 sky130_fd_sc_hd__o211ai_1 sky130_fd_sc_hd__o21a_1 sky130_fd_sc_hd__o21ai_1 sky130_fd_sc_hd__o21ba_1 sky130_fd_sc_hd__o21bai_1 sky130_fd_sc_hd__o221a_1 sky130_fd_sc_hd__o221ai_1 sky130_fd_sc_hd__o22a_1 sky130_fd_sc_hd__o22ai_1 sky130_fd_sc_hd__o2bb2a_1 sky130_fd_sc_hd__o2bb2ai_1 sky130_fd_sc_hd__o311a_1 sky130_fd_sc_hd__o311ai_1 sky130_fd_sc_hd__o31a_1 sky130_fd_sc_hd__o31ai_1 sky130_fd_sc_hd__o32a_1 sky130_fd_sc_hd__o32ai_1 sky130_fd_sc_hd__o41a_1 sky130_fd_sc_hd__o41ai_1 sky130_fd_sc_hd__or2_1 sky130_fd_sc_hd__or2b_1 sky130_fd_sc_hd__or3_1 sky130_fd_sc_hd__or3b_1 sky130_fd_sc_hd__or4_1 sky130_fd_sc_hd__or4b_1 sky130_fd_sc_hd__or4bb_1 sky130_fd_sc_hd__xnor2_1 sky130_fd_sc_hd__xor2_1  }
[INFO]: Trimming liberty files {/pdk/sky130A/libs.ref/sky130_fd_sc_hd/lib/sky130_fd_sc_hd__tt_025C_1v80.lib} into /home/dinesha/workarea/efabless/MPW-10/caravel_openframe_project/openlane/openframe_project_wrapper/runs/23_10_14_22_24/tmp/cts/cts.lib...
[INFO]: Generating cell exclude list...
[INFO]: Creating ::env(DONT_USE_CELLS)...
[INFO]: Created ::env(DONT_USE_CELLS): {sky130_fd_sc_hd__a2111oi_0 sky130_fd_sc_hd__a21boi_0 sky130_fd_sc_hd__and2_0 sky130_fd_sc_hd__buf_16 sky130_fd_sc_hd__clkdlybuf4s15_1 sky130_fd_sc_hd__clkdlybuf4s18_1 sky130_fd_sc_hd__fa_4 sky130_fd_sc_hd__lpflow_bleeder_1 sky130_fd_sc_hd__lpflow_clkbufkapwr_1 sky130_fd_sc_hd__lpflow_clkbufkapwr_16 sky130_fd_sc_hd__lpflow_clkbufkapwr_2 sky130_fd_sc_hd__lpflow_clkbufkapwr_4 sky130_fd_sc_hd__lpflow_clkbufkapwr_8 sky130_fd_sc_hd__lpflow_clkinvkapwr_1 sky130_fd_sc_hd__lpflow_clkinvkapwr_16 sky130_fd_sc_hd__lpflow_clkinvkapwr_2 sky130_fd_sc_hd__lpflow_clkinvkapwr_4 sky130_fd_sc_hd__lpflow_clkinvkapwr_8 sky130_fd_sc_hd__lpflow_decapkapwr_12 sky130_fd_sc_hd__lpflow_decapkapwr_3 sky130_fd_sc_hd__lpflow_decapkapwr_4 sky130_fd_sc_hd__lpflow_decapkapwr_6 sky130_fd_sc_hd__lpflow_decapkapwr_8 sky130_fd_sc_hd__lpflow_inputiso0n_1 sky130_fd_sc_hd__lpflow_inputiso0p_1 sky130_fd_sc_hd__lpflow_inputiso1n_1 sky130_fd_sc_hd__lpflow_inputiso1p_1 sky130_fd_sc_hd__lpflow_inputisolatch_1 sky130_fd_sc_hd__lpflow_isobufsrc_1 sky130_fd_sc_hd__lpflow_isobufsrc_16 sky130_fd_sc_hd__lpflow_isobufsrc_2 sky130_fd_sc_hd__lpflow_isobufsrc_4 sky130_fd_sc_hd__lpflow_isobufsrc_8 sky130_fd_sc_hd__lpflow_isobufsrckapwr_16 sky130_fd_sc_hd__lpflow_lsbuf_lh_hl_isowell_tap_1 sky130_fd_sc_hd__lpflow_lsbuf_lh_hl_isowell_tap_2 sky130_fd_sc_hd__lpflow_lsbuf_lh_hl_isowell_tap_4 sky130_fd_sc_hd__lpflow_lsbuf_lh_isowell_4 sky130_fd_sc_hd__lpflow_lsbuf_lh_isowell_tap_1 sky130_fd_sc_hd__lpflow_lsbuf_lh_isowell_tap_2 sky130_fd_sc_hd__lpflow_lsbuf_lh_isowell_tap_4 sky130_fd_sc_hd__mux4_4 sky130_fd_sc_hd__o21ai_0 sky130_fd_sc_hd__o311ai_0 sky130_fd_sc_hd__or2_0 sky130_fd_sc_hd__probe_p_8 sky130_fd_sc_hd__probec_p_8 sky130_fd_sc_hd__xor3_1 sky130_fd_sc_hd__xor3_2 sky130_fd_sc_hd__xor3_4 sky130_fd_sc_hd__xnor3_1 sky130_fd_sc_hd__xnor3_2 sky130_fd_sc_hd__xnor3_4  }
[INFO]: Verifying existence of files defined in ::env(EXTRA_GDS_FILES)...
[INFO]: /home/dinesha/workarea/efabless/MPW-10/caravel_openframe_project/openlane/openframe_project_wrapper/../../gds/picosoc.gds existence verified.
[INFO]: /home/dinesha/workarea/efabless/MPW-10/caravel_openframe_project/openlane/openframe_project_wrapper/../../gds/vccd1_connection.gds existence verified.
[INFO]: /home/dinesha/workarea/efabless/MPW-10/caravel_openframe_project/openlane/openframe_project_wrapper/../../gds/vssd1_connection.gds existence verified.
[INFO]: Running Synthesis (log: openframe_project_wrapper/runs/23_10_14_22_24/logs/synthesis/1-synthesis.log)...
[INFO]: Executing yosys with Tcl script '../../../../../../../openlane/scripts/yosys/synth.tcl'...
[ERROR]: during executing yosys script /openlane/scripts/yosys/synth.tcl
[ERROR]: Log: openframe_project_wrapper/runs/23_10_14_22_24/logs/synthesis/1-synthesis.log
[ERROR]: Last 10 lines:
[TCL: yosys -import] Command name collision: found pre-existing command `trace' -> skip.
Defining PnR
Reading /home/dinesha/workarea/efabless/MPW-10/caravel_openframe_project/openlane/openframe_project_wrapper/runs/23_10_14_22_24/tmp/synthesis/1-sky130_fd_sc_hd__tt_025C_1v80.no_pg.lib as a blackbox

1. Executing Liberty frontend.
Imported 428 cell types from liberty file.

2. Executing Liberty frontend.
ERROR: Can't open input file `/home/dinesha/workarea/efabless/MPW-10/caravel_openframe_project/openlane/openframe_project_wrapper/../../lib/picosoc.lib' for reading: No such file or directory
child process exited abnormally

[ERROR]: Creating issue reproducible...
[INFO]: Saving runtime environment...
[INFO]: Reproducible packaged: Please tarball and upload 'openframe_project_wrapper/runs/23_10_14_22_24/issue_reproducible' if you're going to submit an issue.
[ERROR]: Step(1:synthesis) failed with error:
-code 1 -level 0 -errorcode NONE -errorinfo {
    while executing
"throw_error"
    (procedure "run_tcl_script" line 211)
    invoked from within
"run_tcl_script -tool yosys -no_consume {*}$args"
    (procedure "run_yosys_script" line 2)
    invoked from within
"run_yosys_script $::env(SYNTH_SCRIPT) -indexed_log $arg_values(-indexed_log)"
    (procedure "run_yosys" line 44)
    invoked from within
"run_yosys -indexed_log $log"
    (procedure "run_synthesis" line 13)
    invoked from within
"run_synthesis"} -errorline 1
[INFO]: Calculating runtime...
[INFO]: Saving current set of views in 'openframe_project_wrapper/runs/23_10_14_22_24/results/final'...
[INFO]: Generating final set of reports...
[INFO]: Created manufacturability report at 'openframe_project_wrapper/runs/23_10_14_22_24/reports/manufacturability.rpt'.
[INFO]: Created metrics report at 'openframe_project_wrapper/runs/23_10_14_22_24/reports/metrics.csv'.
[INFO]: Saving runtime environment...
[ERROR]: Flow failed.
