[ERROR]: during executing yosys script /openlane/scripts/yosys/synth.tcl
[ERROR]: Log: openframe_project_wrapper/runs/23_10_14_22_25/logs/synthesis/1-synthesis.log
[ERROR]: Last 10 lines:

1. Executing Liberty frontend.
Imported 428 cell types from liberty file.

2. Executing Liberty frontend.
Imported 1 cell types from liberty file.

3. Executing Verilog-2005 frontend: /home/dinesha/workarea/efabless/MPW-10/caravel_openframe_project/openlane/openframe_project_wrapper/../picosoc/sky130_sram_2kbyte_1rw1r_32x512_8.v
ERROR: Can't open input file `/home/dinesha/workarea/efabless/MPW-10/caravel_openframe_project/openlane/openframe_project_wrapper/../../verilog/gl/picosoc.v' for reading: No such file or directory
child process exited abnormally

[ERROR]: Creating issue reproducible...
[ERROR]: Step(1:synthesis) failed with error:
-code 1 -level 0 -errorcode NONE -errorinfo {
    while executing
"throw_error"
    (procedure "run_tcl_script" line 211)
    invoked from within
"run_tcl_script -tool yosys -no_consume {*}$args"
    (procedure "run_yosys_script" line 2)
    invoked from within
"run_yosys_script $::env(SYNTH_SCRIPT) -indexed_log $arg_values(-indexed_log)"
    (procedure "run_yosys" line 44)
    invoked from within
"run_yosys -indexed_log $log"
    (procedure "run_synthesis" line 13)
    invoked from within
"run_synthesis"} -errorline 1
[ERROR]: Flow failed.
