[ERROR]: during executing yosys script /openlane/scripts/yosys/synth.tcl
[ERROR]: Log: ../../../../../../../dev/null
[ERROR]: Last 10 lines:

10. Generating Graphviz representation of design.
Writing dot description to `/home/dinesha/workarea/efabless/MPW-10/caravel_openframe_project/openlane/openframe_project_wrapper/runs/23_10_14_22_26/tmp/synthesis/hierarchy.dot'.
Dumping module openframe_project_wrapper to page 1.

11. Executing HIERARCHY pass (managing design hierarchy).

11.1. Analyzing design hierarchy..
ERROR: Module `picosoc' referenced in module `openframe_project_wrapper' in cell `openframe_example' does not have a port named 'VGND'.
child process exited abnormally

[ERROR]: Creating issue reproducible...
[ERROR]: Step(2:synthesis) failed with error:
-code 1 -level 0 -errorcode NONE -errorinfo {
    while executing
"throw_error"
    (procedure "run_tcl_script" line 211)
    invoked from within
"run_tcl_script -tool yosys -no_consume {*}$args"
    (procedure "run_yosys_script" line 2)
    invoked from within
"run_yosys_script $::env(SYNTH_SCRIPT) -indexed_log $arg_values(-indexed_log)"
    (procedure "run_yosys" line 44)
    invoked from within
"run_yosys -output $::env(synthesis_tmpfiles)/pg_define.v -no_set_netlist"
    (procedure "run_synthesis" line 44)
    invoked from within
"run_synthesis"} -errorline 1
[ERROR]: Flow failed.
